2026-06-10 01:54:59,564 INFO o.a.j.u.JMeterUtils: Setting Locale to en_EN
2026-06-10 01:54:59,591 INFO o.a.j.JMeter: Loading user properties from: C:\Programs\apache-jmeter-5.6.3\bin\user.properties
2026-06-10 01:54:59,592 INFO o.a.j.JMeter: Loading system properties from: C:\Programs\apache-jmeter-5.6.3\bin\system.properties
2026-06-10 01:54:59,603 INFO o.a.j.JMeter: Copyright (c) 1998-2024 The Apache Software Foundation
2026-06-10 01:54:59,603 INFO o.a.j.JMeter: Version 5.6.3
2026-06-10 01:54:59,603 INFO o.a.j.JMeter: java.version=25.0.1
2026-06-10 01:54:59,604 INFO o.a.j.JMeter: java.vm.name=Java HotSpot(TM) 64-Bit Server VM
2026-06-10 01:54:59,604 INFO o.a.j.JMeter: os.name=Windows 10
2026-06-10 01:54:59,604 INFO o.a.j.JMeter: os.arch=amd64
2026-06-10 01:54:59,604 INFO o.a.j.JMeter: os.version=10.0
2026-06-10 01:54:59,604 INFO o.a.j.JMeter: file.encoding=UTF-8
2026-06-10 01:54:59,605 INFO o.a.j.JMeter: java.awt.headless=true
2026-06-10 01:54:59,605 INFO o.a.j.JMeter: Max memory     =1073741824
2026-06-10 01:54:59,605 INFO o.a.j.JMeter: Available Processors =8
2026-06-10 01:54:59,629 INFO o.a.j.JMeter: Default Locale=English (EN)
2026-06-10 01:54:59,630 INFO o.a.j.JMeter: JMeter  Locale=English (EN)
2026-06-10 01:54:59,630 INFO o.a.j.JMeter: JMeterHome=C:\Programs\apache-jmeter-5.6.3
2026-06-10 01:54:59,630 INFO o.a.j.JMeter: user.dir  =C:\Projects\Java\seminar-11
2026-06-10 01:54:59,631 INFO o.a.j.JMeter: PWD       =C:\Projects\Java\seminar-11
2026-06-10 01:54:59,632 INFO o.a.j.JMeter: IP: 172.18.64.1 Name: DESKTOP-PC FullName: DESKTOP-PC.mshome.net
2026-06-10 01:54:59,650 INFO o.a.j.JMeter: Setting property 'jmeter.reportgenerator.outputdir' to:'C:\Projects\Java\seminar-11\jmeter-tests\report'
2026-06-10 01:54:59,656 INFO o.a.j.r.d.ReportGenerator: ReportGenerator will use for Parsing the separator: ','
2026-06-10 01:54:59,656 INFO o.a.j.r.d.ReportGenerator: Will only generate report from results file: jmeter-tests\results.jtl
2026-06-10 01:54:59,657 INFO o.a.j.r.d.ReportGenerator: Reading report generator properties from: C:\Programs\apache-jmeter-5.6.3\bin\reportgenerator.properties
2026-06-10 01:54:59,673 INFO o.a.j.r.d.ReportGenerator: Merging with JMeter properties
2026-06-10 01:54:59,682 INFO o.a.j.r.c.ReportGeneratorConfiguration: Property 'jmeter.reportgenerator.temp_dir' not found, using default value 'temp' instead.
2026-06-10 01:54:59,687 INFO o.a.j.r.c.ReportGeneratorConfiguration: Property 'jmeter.reportgenerator.apdex_per_transaction' not found, using default value 'null' instead.
2026-06-10 01:54:59,696 INFO o.a.j.r.c.ReportGeneratorConfiguration: apdex_per_transaction is empty, not APDEX per transaction customization
2026-06-10 01:54:59,697 INFO o.a.j.r.c.ReportGeneratorConfiguration: Property 'jmeter.reportgenerator.sample_filter' not found, using default value 'null' instead.
2026-06-10 01:54:59,697 INFO o.a.j.r.c.ReportGeneratorConfiguration: Property 'jmeter.reportgenerator.report_title' not found, using default value 'null' instead.
2026-06-10 01:54:59,697 INFO o.a.j.r.c.ReportGeneratorConfiguration: Property 'jmeter.reportgenerator.start_date' not found, using default value 'null' instead.
2026-06-10 01:54:59,697 INFO o.a.j.r.c.ReportGeneratorConfiguration: Property 'jmeter.reportgenerator.end_date' not found, using default value 'null' instead.
2026-06-10 01:54:59,697 INFO o.a.j.r.c.ReportGeneratorConfiguration: Property 'jmeter.reportgenerator.date_format' not found, using default value 'null' instead.
2026-06-10 01:54:59,698 INFO o.a.j.r.c.ReportGeneratorConfiguration: Will use date range start date: null, end date: null
2026-06-10 01:54:59,705 INFO o.a.j.r.c.ReportGeneratorConfiguration: Property 'jmeter.reportgenerator.graph.totalTPS.exclude_controllers' not found, using default value 'false' instead.
2026-06-10 01:54:59,706 INFO o.a.j.r.c.ReportGeneratorConfiguration: Property 'jmeter.reportgenerator.graph.activeThreadsOverTime.exclude_controllers' not found, using default value 'false' instead.
2026-06-10 01:54:59,706 INFO o.a.j.r.c.ReportGeneratorConfiguration: Property 'jmeter.reportgenerator.graph.timeVsThreads.exclude_controllers' not found, using default value 'false' instead.
2026-06-10 01:54:59,706 INFO o.a.j.r.c.ReportGeneratorConfiguration: Property 'jmeter.reportgenerator.graph.responseTimeDistribution.exclude_controllers' not found, using default value 'false' instead.
2026-06-10 01:54:59,707 INFO o.a.j.r.c.ReportGeneratorConfiguration: Property 'jmeter.reportgenerator.graph.transactionsPerSecond.exclude_controllers' not found, using default value 'false' instead.
2026-06-10 01:54:59,707 INFO o.a.j.r.c.ReportGeneratorConfiguration: Property 'jmeter.reportgenerator.graph.responseTimePercentiles.exclude_controllers' not found, using default value 'false' instead.
2026-06-10 01:54:59,707 INFO o.a.j.r.c.ReportGeneratorConfiguration: Property 'jmeter.reportgenerator.graph.responseTimePercentilesOverTime.exclude_controllers' not found, using default value 'false' instead.
2026-06-10 01:54:59,707 INFO o.a.j.r.c.ReportGeneratorConfiguration: Property 'jmeter.reportgenerator.graph.responseTimesOverTime.exclude_controllers' not found, using default value 'false' instead.
2026-06-10 01:54:59,707 INFO o.a.j.r.c.ReportGeneratorConfiguration: Property 'jmeter.reportgenerator.graph.connectTimeOverTime.exclude_controllers' not found, using default value 'false' instead.
2026-06-10 01:54:59,708 INFO o.a.j.r.c.ReportGeneratorConfiguration: Property 'jmeter.reportgenerator.graph.latenciesOverTime.exclude_controllers' not found, using default value 'false' instead.
2026-06-10 01:54:59,709 INFO o.a.j.r.c.ReportGeneratorConfiguration: Property 'jmeter.reportgenerator.exporter.json.filters_only_sample_series' not found, using default value 'true' instead.
2026-06-10 01:54:59,710 INFO o.a.j.r.c.ReportGeneratorConfiguration: Property 'jmeter.reportgenerator.exporter.json.series_filter' not found, using default value '' instead.
2026-06-10 01:54:59,710 INFO o.a.j.r.c.ReportGeneratorConfiguration: Property 'jmeter.reportgenerator.exporter.json.show_controllers_only' not found, using default value 'false' instead.
2026-06-10 01:54:59,710 INFO o.a.j.r.c.ReportGeneratorConfiguration: Property 'jmeter.reportgenerator.exporter.html.filters_only_sample_series' not found, using default value 'true' instead.
2026-06-10 01:54:59,711 INFO o.a.j.r.c.ReportGeneratorConfiguration: Property 'jmeter.reportgenerator.exporter.html.series_filter' not found, using default value '' instead.
2026-06-10 01:54:59,711 INFO o.a.j.r.c.ReportGeneratorConfiguration: Property 'jmeter.reportgenerator.exporter.html.show_controllers_only' not found, using default value 'false' instead.
2026-06-10 01:55:00,180 INFO o.a.j.s.SaveService: Testplan (JMX) version: 2.2. Testlog (JTL) version: 2.2
2026-06-10 01:55:00,215 INFO o.a.j.s.SaveService: Using SaveService properties version 5.0
2026-06-10 01:55:00,222 INFO o.a.j.s.SaveService: Using SaveService properties file encoding UTF-8
2026-06-10 01:55:00,256 INFO o.a.j.r.p.NormalizerSampleConsumer: Using format, 'ms', to parse timeStamp field
2026-06-10 01:55:01,504 INFO o.a.j.r.p.AbstractSampleConsumer: class org.apache.jmeter.report.processor.AggregateConsumer#stopProducing(): beginDate produced 0 samples
2026-06-10 01:55:01,504 INFO o.a.j.r.p.AbstractSampleConsumer: class org.apache.jmeter.report.processor.AggregateConsumer#stopProducing(): endDate produced 0 samples
2026-06-10 01:55:01,506 INFO o.a.j.r.p.AbstractSampleConsumer: class org.apache.jmeter.report.processor.ApdexSummaryConsumer#stopProducing(): apdexSummary produced 0 samples
2026-06-10 01:55:01,507 INFO o.a.j.r.p.AbstractSampleConsumer: class org.apache.jmeter.report.processor.RequestsSummaryConsumer#stopProducing(): requestsSummary produced 0 samples
2026-06-10 01:55:01,526 INFO o.a.j.r.p.AbstractSampleConsumer: class org.apache.jmeter.report.processor.StatisticsSummaryConsumer#stopProducing(): statisticsSummary produced 0 samples
2026-06-10 01:55:01,529 INFO o.a.j.r.p.AbstractSampleConsumer: class org.apache.jmeter.report.processor.Top5ErrorsBySamplerConsumer#stopProducing(): top5ErrorsBySampler produced 0 samples
2026-06-10 01:55:01,529 INFO o.a.j.r.p.AbstractSampleConsumer: class org.apache.jmeter.report.processor.ErrorsSummaryConsumer#stopProducing(): errorsSummary produced 0 samples
2026-06-10 01:55:01,530 INFO o.a.j.r.p.AbstractSampleConsumer: class org.apache.jmeter.report.processor.graph.impl.HitsPerSecondGraphConsumer#stopProducing(): hitsPerSecond produced 0 samples
2026-06-10 01:55:01,720 INFO o.a.j.r.p.AbstractSampleConsumer: class org.apache.jmeter.report.processor.graph.impl.LatencyVSRequestGraphConsumer#stopProducing(): latencyVsRequest produced 0 samples
2026-06-10 01:55:01,723 INFO o.a.j.r.p.AbstractSampleConsumer: class org.apache.jmeter.report.processor.graph.impl.SyntheticResponseTimeDistributionGraphConsumer#stopProducing(): syntheticResponseTimeDistribution produced 0 samples
2026-06-10 01:55:01,724 INFO o.a.j.r.p.AbstractSampleConsumer: class org.apache.jmeter.report.processor.graph.impl.BytesThroughputGraphConsumer#stopProducing(): bytesThroughputOverTime produced 0 samples
2026-06-10 01:55:01,725 INFO o.a.j.r.p.AbstractSampleConsumer: class org.apache.jmeter.report.processor.graph.impl.CodesPerSecondGraphConsumer#stopProducing(): codesPerSecond produced 0 samples
2026-06-10 01:55:01,848 INFO o.a.j.r.p.AbstractSampleConsumer: class org.apache.jmeter.report.processor.graph.impl.ResponseTimeVSRequestGraphConsumer#stopProducing(): responseTimeVsRequest produced 0 samples
2026-06-10 01:55:01,850 INFO o.a.j.r.p.AbstractSampleConsumer: class org.apache.jmeter.report.processor.FilterConsumer#stopProducing(): startIntervalControlerFilter produced 115010 samples
2026-06-10 01:55:01,850 INFO o.a.j.r.p.AbstractSampleConsumer: class org.apache.jmeter.report.processor.graph.impl.TotalTPSGraphConsumer#stopProducing(): totalTPS produced 0 samples
2026-06-10 01:55:01,850 INFO o.a.j.r.p.AbstractSampleConsumer: class org.apache.jmeter.report.processor.graph.impl.ActiveThreadsGraphConsumer#stopProducing(): activeThreadsOverTime produced 0 samples
2026-06-10 01:55:01,851 INFO o.a.j.r.p.AbstractSampleConsumer: class org.apache.jmeter.report.processor.graph.impl.TimeVSThreadGraphConsumer#stopProducing(): timeVsThreads produced 0 samples
2026-06-10 01:55:01,855 INFO o.a.j.r.p.AbstractSampleConsumer: class org.apache.jmeter.report.processor.graph.impl.ResponseTimeDistributionGraphConsumer#stopProducing(): responseTimeDistribution produced 0 samples
2026-06-10 01:55:01,857 INFO o.a.j.r.p.AbstractSampleConsumer: class org.apache.jmeter.report.processor.graph.impl.TransactionsPerSecondGraphConsumer#stopProducing(): transactionsPerSecond produced 0 samples
2026-06-10 01:55:01,857 INFO o.a.j.r.p.AbstractSampleConsumer: class org.apache.jmeter.report.processor.graph.impl.ResponseTimePercentilesGraphConsumer#stopProducing(): responseTimePercentiles produced 0 samples
2026-06-10 01:55:01,896 INFO o.a.j.r.p.AbstractSampleConsumer: class org.apache.jmeter.report.processor.graph.impl.ResponseTimePercentilesOverTimeGraphConsumer#stopProducing(): responseTimePercentilesOverTime produced 0 samples
2026-06-10 01:55:01,897 INFO o.a.j.r.p.AbstractSampleConsumer: class org.apache.jmeter.report.processor.graph.impl.ResponseTimeOverTimeGraphConsumer#stopProducing(): responseTimesOverTime produced 0 samples
2026-06-10 01:55:01,898 INFO o.a.j.r.p.AbstractSampleConsumer: class org.apache.jmeter.report.processor.graph.impl.ConnectTimeOverTimeGraphConsumer#stopProducing(): connectTimeOverTime produced 0 samples
2026-06-10 01:55:01,898 INFO o.a.j.r.p.AbstractSampleConsumer: class org.apache.jmeter.report.processor.graph.impl.LatencyOverTimeGraphConsumer#stopProducing(): latenciesOverTime produced 0 samples
2026-06-10 01:55:01,898 INFO o.a.j.r.p.AbstractSampleConsumer: class org.apache.jmeter.report.processor.FilterConsumer#stopProducing(): nameFilter produced 492900 samples
2026-06-10 01:55:01,898 INFO o.a.j.r.p.AbstractSampleConsumer: class org.apache.jmeter.report.processor.FilterConsumer#stopProducing(): dateRangeFilter produced 98580 samples
2026-06-10 01:55:01,898 INFO o.a.j.r.p.AbstractSampleConsumer: class org.apache.jmeter.report.processor.NormalizerSampleConsumer#stopProducing(): normalizer produced 32860 samples
2026-06-10 01:55:01,900 INFO o.a.j.r.p.CsvFileSampleSource: produce(): 32860 samples produced in 1s 600 ms on channel 0
2026-06-10 01:55:01,900 INFO o.a.j.r.d.ReportGenerator: Exporting data using exporter:'json' of className:'org.apache.jmeter.report.dashboard.JsonExporter'
2026-06-10 01:55:02,030 INFO o.a.j.r.d.JsonExporter: Found data for consumer statisticsSummary in context
2026-06-10 01:55:02,030 INFO o.a.j.r.d.JsonExporter: Creating statistics for overall
2026-06-10 01:55:02,031 INFO o.a.j.r.d.JsonExporter: Creating statistics for other transactions
2026-06-10 01:55:02,031 INFO o.a.j.r.d.JsonExporter: Checking output folder
2026-06-10 01:55:02,032 INFO o.a.j.r.d.JsonExporter: Writing statistics JSON to C:\Projects\Java\seminar-11\jmeter-tests\report\statistics.json
2026-06-10 01:55:02,119 INFO o.a.j.r.d.ReportGenerator: Exporting data using exporter:'html' of className:'org.apache.jmeter.report.dashboard.HtmlTemplateExporter'
2026-06-10 01:55:02,126 INFO o.a.j.r.d.HtmlTemplateExporter: Will generate dashboard in folder: C:\Projects\Java\seminar-11\jmeter-tests\report
2026-06-10 01:55:02,485 INFO o.a.j.r.d.HtmlTemplateExporter: Report will be generated in: C:\Projects\Java\seminar-11\jmeter-tests\report, creating folder structure
2026-06-10 01:55:02,490 INFO o.a.j.r.d.TemplateVisitor: Copying folder from 'C:\Programs\apache-jmeter-5.6.3\bin\report-template' to 'C:\Projects\Java\seminar-11\jmeter-tests\report', got message: C:\Projects\Java\seminar-11\jmeter-tests\report, found non empty folder with following content [C:\Projects\Java\seminar-11\jmeter-tests\report\statistics.json], will be ignored
